Build started 29/04/2015 19.57.44.
     1>Project "C:\Users\Antonio\documents\visual studio 2012\Projects\MatchingStereo\MatchingStereo\MatchingStereo.vcxproj" on node 2 (Build target(s)).
     1>ClCompile:
         C:\Program Files (x86)\Microsoft Visual Studio 11.0\VC\bin\CL.exe /c /IC:\opencv\build\include /ZI /nologo /W3 /WX- /Od /Oy- /D WIN32 /D _DEBUG /D _CONSOLE /D _UNICODE /D UNICODE /Gm /EHsc /RTC1 /MDd /GS /fp:precise /Zc:wchar_t /Zc:forScope /Fo"Debug\\" /Fd"Debug\vc110.pdb" /Gd /TC /analyze- /errorReport:prompt main.c
         main.c
     1>c:\users\antonio\documents\visual studio 2012\projects\matchingstereo\matchingstereo\main.c(43): warning C4305: '=' : truncation from 'double' to 'float'
     1>c:\users\antonio\documents\visual studio 2012\projects\matchingstereo\matchingstereo\main.c(79): warning C4013: 'cost' undefined; assuming extern returning int
     1>c:\users\antonio\documents\visual studio 2012\projects\matchingstereo\matchingstereo\main.c(79): warning C4013: 'best_cost' undefined; assuming extern returning int
     1>c:\users\antonio\documents\visual studio 2012\projects\matchingstereo\matchingstereo\main.c(100): warning C4013: 'best_disparity' undefined; assuming extern returning int
     1>c:\users\antonio\documents\visual studio 2012\projects\matchingstereo\matchingstereo\main.c(89): warning C4101: 'd' : unreferenced local variable
     1>c:\users\antonio\documents\visual studio 2012\projects\matchingstereo\matchingstereo\main.c(109): warning C4142: benign redefinition of type
     1>c:\users\antonio\documents\visual studio 2012\projects\matchingstereo\matchingstereo\main.c(119): warning C4244: 'return' : conversion from 'int' to 'float', possible loss of data
     1>c:\users\antonio\documents\visual studio 2012\projects\matchingstereo\matchingstereo\main.c(125): warning C4305: 'initializing' : truncation from 'double' to 'float'
     1>c:\users\antonio\documents\visual studio 2012\projects\matchingstereo\matchingstereo\main.c(128): warning C4244: '=' : conversion from 'float' to 'int', possible loss of data
     1>c:\users\antonio\documents\visual studio 2012\projects\matchingstereo\matchingstereo\main.c(132): warning C4244: '=' : conversion from 'int' to 'float', possible loss of data
     1>c:\users\antonio\documents\visual studio 2012\projects\matchingstereo\matchingstereo\main.c(139): warning C4142: benign redefinition of type
     1>c:\users\antonio\documents\visual studio 2012\projects\matchingstereo\matchingstereo\main.c(169): warning C4013: 'scan_xy' undefined; assuming extern returning int
     1>c:\users\antonio\documents\visual studio 2012\projects\matchingstereo\matchingstereo\main.c(405): warning C4715: 'scan_xy' : not all control paths return a value
       Link:
         C:\Program Files (x86)\Microsoft Visual Studio 11.0\VC\bin\link.exe /ERRORREPORT:PROMPT /OUT:"C:\Users\Antonio\documents\visual studio 2012\Projects\MatchingStereo\Debug\MatchingStereo.exe" /INCREMENTAL /NOLOGO /LIBPATH:C:\opencv\build\x86\vc11\lib opencv_core249d.lib opencv_imgproc249d.lib opencv_highgui249d.lib opencv_ml249d.lib opencv_video249d.lib opencv_features2d249d.lib opencv_calib3d249d.lib opencv_objdetect249d.lib opencv_contrib249d.lib opencv_legacy249d.lib opencv_flann249d.lib kernel32.lib user32.lib gdi32.lib winspool.lib comdlg32.lib advapi32.lib shell32.lib ole32.lib oleaut32.lib uuid.lib odbc32.lib odbccp32.lib /MANIFEST /MANIFESTUAC:"level='asInvoker' uiAccess='false'" /manifest:embed /DEBUG /PDB:"C:\Users\Antonio\documents\visual studio 2012\Projects\MatchingStereo\Debug\MatchingStereo.pdb" /SUBSYSTEM:CONSOLE /TLBID:1 /DYNAMICBASE /NXCOMPAT /IMPLIB:"C:\Users\Antonio\documents\visual studio 2012\Projects\MatchingStereo\Debug\MatchingStereo.lib" /MACHINE:X86 Debug\main.obj
         MatchingStereo.vcxproj -> C:\Users\Antonio\documents\visual studio 2012\Projects\MatchingStereo\Debug\MatchingStereo.exe
     1>Done Building Project "C:\Users\Antonio\documents\visual studio 2012\Projects\MatchingStereo\MatchingStereo\MatchingStereo.vcxproj" (Build target(s)).

Build succeeded.

Time Elapsed 00:00:01.03
